<?xml version="1.0" encoding="UTF-8"?>
<!-- Generated by org.testng.reporters.JUnitReportReporter -->
<testsuite hostname="LIN51009564" failures="0" tests="4" name="Runners.SearchRun" time="234.516" errors="0" timestamp="2022-11-26T21:33:06 IST" skipped="0">
  <testcase classname="Runners.SearchRun" name="runScenario" time="52.825"/>
  <system-out/>
  <testcase classname="Runners.SearchRun" name="runScenario" time="69.475"/>
  <system-out/>
  <testcase classname="Runners.SearchRun" name="runScenario" time="53.117"/>
  <system-out/>
  <testcase classname="Runners.SearchRun" name="runScenario" time="59.099"/>
  <system-out/>
</testsuite> <!-- Runners.SearchRun -->
