<?xml version="1.0" encoding="UTF-8"?>
<!-- Generated by org.testng.reporters.JUnitReportReporter -->
<testsuite hostname="LIN51009564" failures="0" tests="4" name="Runners.LoginRun" time="281.753" errors="0" timestamp="2022-11-24T17:21:31 IST" skipped="0">
  <testcase classname="Runners.LoginRun" name="runScenario" time="115.583"/>
  <system-out/>
  <testcase classname="Runners.LoginRun" name="runScenario" time="61.103"/>
  <system-out/>
  <testcase classname="Runners.LoginRun" name="runScenario" time="53.720"/>
  <system-out/>
  <testcase classname="Runners.LoginRun" name="runScenario" time="51.347"/>
  <system-out/>
</testsuite> <!-- Runners.LoginRun -->
